0 info it worked if it ends with ok
1 verbose cli [ '/usr/local/Cellar/node/0.10.15/bin/node',
1 verbose cli   '/usr/local/bin/npm',
1 verbose cli   'publish' ]
2 info using npm@1.3.5
3 info using node@v0.10.15
4 verbose publish [ '.' ]
5 verbose cache add [ '.', null ]
6 verbose cache add name=undefined spec="." args=[".",null]
7 verbose parsed url { protocol: null,
7 verbose parsed url   slashes: null,
7 verbose parsed url   auth: null,
7 verbose parsed url   host: null,
7 verbose parsed url   port: null,
7 verbose parsed url   hostname: null,
7 verbose parsed url   hash: null,
7 verbose parsed url   search: null,
7 verbose parsed url   query: null,
7 verbose parsed url   pathname: '.',
7 verbose parsed url   path: '.',
7 verbose parsed url   href: '.' }
8 silly lockFile 3a52ce78- .
9 verbose lock . /Users/taras/.npm/3a52ce78-.lock
10 silly lockFile 3a52ce78- .
11 silly lockFile 3a52ce78- .
12 error addLocal Could not install .
13 error Error: Invalid version: "0.1.1b"
13 error     at Object.module.exports.fixVersionField (/usr/local/Cellar/node/0.10.15/lib/node_modules/npm/node_modules/read-package-json/node_modules/normalize-package-data/lib/fixer.js:175:13)
13 error     at /usr/local/Cellar/node/0.10.15/lib/node_modules/npm/node_modules/read-package-json/node_modules/normalize-package-data/lib/normalize.js:29:38
13 error     at Array.forEach (native)
13 error     at normalize (/usr/local/Cellar/node/0.10.15/lib/node_modules/npm/node_modules/read-package-json/node_modules/normalize-package-data/lib/normalize.js:28:15)
13 error     at final (/usr/local/Cellar/node/0.10.15/lib/node_modules/npm/node_modules/read-package-json/read-json.js:310:33)
13 error     at then (/usr/local/Cellar/node/0.10.15/lib/node_modules/npm/node_modules/read-package-json/read-json.js:124:33)
13 error     at /usr/local/Cellar/node/0.10.15/lib/node_modules/npm/node_modules/read-package-json/read-json.js:299:40
13 error     at fs.js:266:14
13 error     at /usr/local/Cellar/node/0.10.15/lib/node_modules/npm/node_modules/graceful-fs/graceful-fs.js:103:5
13 error     at Object.oncomplete (fs.js:107:15)
14 error If you need help, you may report this log at:
14 error     <http://github.com/isaacs/npm/issues>
14 error or email it to:
14 error     <npm-@googlegroups.com>
15 error System Darwin 12.4.0
16 error command "/usr/local/Cellar/node/0.10.15/bin/node" "/usr/local/bin/npm" "publish"
17 error cwd /Users/taras/Repositories/grunt-docpad
18 error node -v v0.10.15
19 error npm -v 1.3.5
20 verbose exit [ 1, true ]
